============================= test session starts ==============================
platform darwin -- Python 3.9.6, pytest-8.4.2, pluggy-1.6.0 -- /Library/Developer/CommandLineTools/usr/bin/python3
cachedir: .pytest_cache
rootdir: /Users/ilyasbazarov/Downloads/lombard-ops
plugins: anyio-4.12.1
collecting ... collected 4 items

app/backend/tests/test_auth.py::test_no_token_returns_401 REQ: GET /api/whoami  (без заголовка Authorization)
RESP: 401 {'error': 'unauthorized', 'reason': 'missing_token'}
PASSED
app/backend/tests/test_auth.py::test_assessor_role_on_owner_resource_returns_403 REQ: GET /api/owner/only  (Authorization: Bearer <role=assessor>)
RESP: 403 {'error': 'forbidden', 'have': 'assessor', 'need': ['owner'], 'reason': 'role_mismatch'}
PASSED
app/backend/tests/test_auth.py::test_owner_role_on_owner_resource_returns_200 REQ: GET /api/owner/only  (Authorization: Bearer <role=owner>)
RESP: 200 {'ok': True, 'resource': 'owner-only'}
PASSED
app/backend/tests/test_auth.py::test_invalid_token_returns_401 REQ: GET /api/whoami  (Authorization: Bearer <garbage>)
RESP: 401 {'error': 'unauthorized', 'reason': 'invalid_token'}
PASSED

=============================== warnings summary ===============================
../../Library/Python/3.9/lib/python/site-packages/google/auth/__init__.py:54
  /Users/ilyasbazarov/Library/Python/3.9/lib/python/site-packages/google/auth/__init__.py:54: FutureWarning: You are using a Python version 3.9 past its end of life. Google will update google-auth with critical bug fixes on a best-effort basis, but not with any other fixes or features. Please upgrade your Python version, and then update google-auth.
    warnings.warn(eol_message.format("3.9"), FutureWarning)

../../Library/Python/3.9/lib/python/site-packages/urllib3/__init__.py:35
  /Users/ilyasbazarov/Library/Python/3.9/lib/python/site-packages/urllib3/__init__.py:35: NotOpenSSLWarning: urllib3 v2 only supports OpenSSL 1.1.1+, currently the 'ssl' module is compiled with 'LibreSSL 2.8.3'. See: https://github.com/urllib3/urllib3/issues/3020
    warnings.warn(

../../Library/Python/3.9/lib/python/site-packages/google/oauth2/__init__.py:40
  /Users/ilyasbazarov/Library/Python/3.9/lib/python/site-packages/google/oauth2/__init__.py:40: FutureWarning: You are using a Python version 3.9 past its end of life. Google will update google-auth with critical bug fixes on a best-effort basis, but not with any other fixes or features. Please upgrade your Python version, and then update google-auth.
    warnings.warn(eol_message.format("3.9"), FutureWarning)

-- Docs: https://docs.pytest.org/en/stable/how-to/capture-warnings.html
======================== 4 passed, 3 warnings in 0.21s =========================
